#
# There is insufficient memory for the Java Runtime Environment to continue.
# Native memory allocation (malloc) failed to allocate 32744 bytes. Error detail: Chunk::new
# Possible reasons:
#   The system is out of physical RAM or swap space
#   This process is running with CompressedOops enabled, and the Java Heap may be blocking the growth of the native heap
# Possible solutions:
#   Reduce memory load on the system
#   Increase physical memory or swap space
#   Check if swap backing store is full
#   Decrease Java heap size (-Xmx/-Xms)
#   Decrease number of Java threads
#   Decrease Java thread stack sizes (-Xss)
#   Set larger code cache with -XX:ReservedCodeCacheSize=
#   JVM is running with Unscaled Compressed Oops mode in which the Java heap is
#     placed in the first 4GB address space. The Java Heap base address is the
#     maximum limit for the native heap growth. Please use -XX:HeapBaseMinAddress
#     to set the Java Heap base and to place the Java Heap above 4GB virtual address.
# This output file may be truncated or incomplete.
#
#  Out of Memory Error (arena.cpp:150), pid=2196, tid=588
#
# JRE version: OpenJDK Runtime Environment (22.0.2+9) (build 22.0.2+9-70)
# Java VM: OpenJDK 64-Bit Server VM (22.0.2+9-70, mixed mode, sharing, tiered, compressed oops, compressed class ptrs, g1 gc, windows-amd64)
# No core dump will be written. Minidumps are not enabled by default on client versions of Windows
#

---------------  S U M M A R Y ------------

Command Line: -Dorg.jetbrains.run.directory=C:\Users\omnia\IdeaProjects\Cucumber_LUMA_2\src\main\resources\Features -javaagent:C:\Program Files\JetBrains\IntelliJ IDEA Community Edition 2024.2.1\lib\idea_rt.jar=62722:C:\Program Files\JetBrains\IntelliJ IDEA Community Edition 2024.2.1\bin -Dfile.encoding=UTF-8 -Dsun.stdout.encoding=UTF-8 -Dsun.stderr.encoding=UTF-8 io.cucumber.core.cli.Main --plugin org.jetbrains.plugins.cucumber.java.run.CucumberJvm5SMFormatter --glue StepDefinitions C:/Users/omnia/IdeaProjects/Cucumber_LUMA_2/src/main/resources/Features/F03_LandingPage.feature

Host: Intel(R) Core(TM) i5-9300HF CPU @ 2.40GHz, 8 cores, 7G,  Windows 10 , 64 bit Build 19041 (10.0.19041.4957)
Time: Thu Oct 24 11:53:40 2024 Egypt Daylight Time elapsed time: 6.238788 seconds (0d 0h 0m 6s)

---------------  T H R E A D  ---------------

Current thread (0x000001baaabfb430):  JavaThread "C2 CompilerThread0" daemon [_thread_in_native, id=588, stack(0x000000b7c8300000,0x000000b7c8400000) (1024K)]


Current CompileTask:
C2:6238 2069       4       java.lang.invoke.VarHandle::checkAccessModeThenIsDirect (29 bytes)

Stack: [0x000000b7c8300000,0x000000b7c8400000]
Native frames: (J=compiled Java code, j=interpreted, Vv=VM code, C=native code)
V  [jvm.dll+0x6e26e9]  (no source info available)
V  [jvm.dll+0x875753]  (no source info available)
V  [jvm.dll+0x877b7e]  (no source info available)
V  [jvm.dll+0x878253]  (no source info available)
V  [jvm.dll+0x27fc86]  (no source info available)
V  [jvm.dll+0xc3d0f]  (no source info available)
V  [jvm.dll+0xc3f6b]  (no source info available)
V  [jvm.dll+0x2e7926]  (no source info available)
V  [jvm.dll+0x2e771b]  (no source info available)
V  [jvm.dll+0x831180]  (no source info available)
V  [jvm.dll+0xba22c]  (no source info available)
V  [jvm.dll+0x70c6af]  (no source info available)
V  [jvm.dll+0x398323]  (no source info available)
V  [jvm.dll+0x700bf7]  (no source info available)
V  [jvm.dll+0x6f8725]  (no source info available)
V  [jvm.dll+0x6faed5]  (no source info available)
V  [jvm.dll+0x6f543f]  (no source info available)
V  [jvm.dll+0x6f49f7]  (no source info available)
V  [jvm.dll+0x6f2bd4]  (no source info available)
V  [jvm.dll+0x1c7e9c]  (no source info available)
V  [jvm.dll+0x1c8a1b]  (no source info available)
V  [jvm.dll+0x2f2e8f]  (no source info available)
V  [jvm.dll+0x6fd0f7]  (no source info available)
V  [jvm.dll+0x6f543f]  (no source info available)
V  [jvm.dll+0x6f49f7]  (no source info available)
V  [jvm.dll+0x6f2bd4]  (no source info available)
V  [jvm.dll+0x1c7e9c]  (no source info available)
V  [jvm.dll+0x246b0b]  (no source info available)
V  [jvm.dll+0x1c4e80]  (no source info available)
V  [jvm.dll+0x2568f3]  (no source info available)
V  [jvm.dll+0x254baa]  (no source info available)
V  [jvm.dll+0x3f57a6]  (no source info available)
V  [jvm.dll+0x81dc0b]  (no source info available)
V  [jvm.dll+0x6e0d85]  (no source info available)
C  [ucrtbase.dll+0x21bb2]  (no source info available)
C  [KERNEL32.DLL+0x17374]  (no source info available)
C  [ntdll.dll+0x4cc91]  (no source info available)


---------------  P R O C E S S  ---------------

Threads class SMR info:
_java_thread_list=0x000001baf17f63c0, length=26, elements={
0x000001ba8c168850, 0x000001baaabd61b0, 0x000001baaabd7a30, 0x000001baaabe09f0,
0x000001baaabe14f0, 0x000001baaabe2cd0, 0x000001baaabe5430, 0x000001baaabfb430,
0x000001baaabfbaf0, 0x000001baaabe39f0, 0x000001baaabe2640, 0x000001baaabe4710,
0x000001baaabe4da0, 0x000001baaabe1fb0, 0x000001baf10ecd40, 0x000001baf10ed3d0,
0x000001baf10e9f50, 0x000001baf10eac70, 0x000001baf10eee10, 0x000001baf10e98c0,
0x000001baf10ee0f0, 0x000001baf10eda60, 0x000001baf10e9230, 0x000001baf10ec020,
0x000001baf10ec6b0, 0x000001baf10e7e80
}

Java Threads: ( => current thread )
  0x000001ba8c168850 JavaThread "main"                              [_thread_blocked, id=18384, stack(0x000000b7c7500000,0x000000b7c7600000) (1024K)]
  0x000001baaabd61b0 JavaThread "Reference Handler"          daemon [_thread_blocked, id=492, stack(0x000000b7c7d00000,0x000000b7c7e00000) (1024K)]
  0x000001baaabd7a30 JavaThread "Finalizer"                  daemon [_thread_blocked, id=14424, stack(0x000000b7c7e00000,0x000000b7c7f00000) (1024K)]
  0x000001baaabe09f0 JavaThread "Signal Dispatcher"          daemon [_thread_blocked, id=15984, stack(0x000000b7c7f00000,0x000000b7c8000000) (1024K)]
  0x000001baaabe14f0 JavaThread "Attach Listener"            daemon [_thread_blocked, id=4692, stack(0x000000b7c8000000,0x000000b7c8100000) (1024K)]
  0x000001baaabe2cd0 JavaThread "Service Thread"             daemon [_thread_blocked, id=12240, stack(0x000000b7c8100000,0x000000b7c8200000) (1024K)]
  0x000001baaabe5430 JavaThread "Monitor Deflation Thread"   daemon [_thread_blocked, id=9584, stack(0x000000b7c8200000,0x000000b7c8300000) (1024K)]
=>0x000001baaabfb430 JavaThread "C2 CompilerThread0"         daemon [_thread_in_native, id=588, stack(0x000000b7c8300000,0x000000b7c8400000) (1024K)]
  0x000001baaabfbaf0 JavaThread "C1 CompilerThread0"         daemon [_thread_blocked, id=18820, stack(0x000000b7c8400000,0x000000b7c8500000) (1024K)]
  0x000001baaabe39f0 JavaThread "Common-Cleaner"             daemon [_thread_blocked, id=4620, stack(0x000000b7c8500000,0x000000b7c8600000) (1024K)]
  0x000001baaabe2640 JavaThread "Monitor Ctrl-Break"         daemon [_thread_in_native, id=17788, stack(0x000000b7c8700000,0x000000b7c8800000) (1024K)]
  0x000001baaabe4710 JavaThread "Notification Thread"        daemon [_thread_blocked, id=17724, stack(0x000000b7c8800000,0x000000b7c8900000) (1024K)]
  0x000001baaabe4da0 JavaThread "ForkJoinPool.commonPool-worker-1" daemon [_thread_blocked, id=8828, stack(0x000000b7c8600000,0x000000b7c8700000) (1024K)]
  0x000001baaabe1fb0 JavaThread "HttpClient-1-SelectorManager" daemon [_thread_in_native, id=11564, stack(0x000000b7c9100000,0x000000b7c9200000) (1024K)]
  0x000001baf10ecd40 JavaThread "External Process Output Forwarder - C:\Users\omnia\.cache\selenium\chromedriver\win64\124.0.6367.207\chromedriver.exe" daemon [_thread_in_native, id=18652, stack(0x000000b7c9000000,0x000000b7c9100000) (1024K)]
  0x000001baf10ed3d0 JavaThread "Driver Service Executor"    daemon [_thread_blocked, id=816, stack(0x000000b7c9200000,0x000000b7c9300000) (1024K)]
  0x000001baf10e9f50 JavaThread "Driver Service Executor"    daemon [_thread_in_native, id=1012, stack(0x000000b7c9300000,0x000000b7c9400000) (1024K)]
  0x000001baf10eac70 JavaThread "UrlChecker-2"               daemon [_thread_blocked, id=16632, stack(0x000000b7c9400000,0x000000b7c9500000) (1024K)]
  0x000001baf10eee10 JavaThread "Keep-Alive-Timer"           daemon [_thread_blocked, id=7544, stack(0x000000b7c9600000,0x000000b7c9700000) (1024K)]
  0x000001baf10e98c0 JavaThread "JdkHttpClient-0-0"          daemon [_thread_blocked, id=18060, stack(0x000000b7c9800000,0x000000b7c9900000) (1024K)]
  0x000001baf10ee0f0 JavaThread "JdkHttpClient-0-1"          daemon [_thread_blocked, id=3436, stack(0x000000b7c9900000,0x000000b7c9a00000) (1024K)]
  0x000001baf10eda60 JavaThread "JdkHttpClient-0-2"          daemon [_thread_blocked, id=6860, stack(0x000000b7c9a00000,0x000000b7c9b00000) (1024K)]
  0x000001baf10e9230 JavaThread "HttpClient-2-SelectorManager" daemon [_thread_in_native, id=17944, stack(0x000000b7c9700000,0x000000b7c9800000) (1024K)]
  0x000001baf10ec020 JavaThread "JdkHttpClient-1-0"          daemon [_thread_blocked, id=16752, stack(0x000000b7c9b00000,0x000000b7c9c00000) (1024K)]
  0x000001baf10ec6b0 JavaThread "JdkHttpClient-1-1"          daemon [_thread_blocked, id=17472, stack(0x000000b7c9c00000,0x000000b7c9d00000) (1024K)]
  0x000001baf10e7e80 JavaThread "JdkHttpClient-1-2"          daemon [_thread_blocked, id=16664, stack(0x000000b7c9d00000,0x000000b7c9e00000) (1024K)]
Total: 26

Other Threads:
  0x000001baaabbbe90 VMThread "VM Thread"                           [id=17172, stack(0x000000b7c7c00000,0x000000b7c7d00000) (1024K)]
  0x000001baaaba1030 WatcherThread "VM Periodic Task Thread"        [id=9424, stack(0x000000b7c7b00000,0x000000b7c7c00000) (1024K)]
  0x000001ba8e3b8410 WorkerThread "GC Thread#0"                     [id=17692, stack(0x000000b7c7600000,0x000000b7c7700000) (1024K)]
  0x000001baf0faa4b0 WorkerThread "GC Thread#1"                     [id=11440, stack(0x000000b7c8900000,0x000000b7c8a00000) (1024K)]
  0x000001baf0faa860 WorkerThread "GC Thread#2"                     [id=14680, stack(0x000000b7c8a00000,0x000000b7c8b00000) (1024K)]
  0x000001baf10065b0 WorkerThread "GC Thread#3"                     [id=7708, stack(0x000000b7c8b00000,0x000000b7c8c00000) (1024K)]
  0x000001baf1006960 WorkerThread "GC Thread#4"                     [id=4268, stack(0x000000b7c8c00000,0x000000b7c8d00000) (1024K)]
  0x000001baf1008d20 WorkerThread "GC Thread#5"                     [id=13740, stack(0x000000b7c8d00000,0x000000b7c8e00000) (1024K)]
  0x000001baf10090d0 WorkerThread "GC Thread#6"                     [id=15472, stack(0x000000b7c8e00000,0x000000b7c8f00000) (1024K)]
  0x000001baf1009d00 WorkerThread "GC Thread#7"                     [id=14676, stack(0x000000b7c8f00000,0x000000b7c9000000) (1024K)]
  0x000001ba8e3c5390 ConcurrentGCThread "G1 Main Marker"            [id=19392, stack(0x000000b7c7700000,0x000000b7c7800000) (1024K)]
  0x000001ba8c22e680 WorkerThread "G1 Conc#0"                       [id=960, stack(0x000000b7c7800000,0x000000b7c7900000) (1024K)]
  0x000001baaaa65590 ConcurrentGCThread "G1 Refine#0"               [id=11472, stack(0x000000b7c7900000,0x000000b7c7a00000) (1024K)]
  0x000001baaaa65fb0 ConcurrentGCThread "G1 Service"                [id=19028, stack(0x000000b7c7a00000,0x000000b7c7b00000) (1024K)]
Total: 14

Threads with active compile tasks:
C2 CompilerThread0  6258 2069       4       java.lang.invoke.VarHandle::checkAccessModeThenIsDirect (29 bytes)
Total: 1

VM state: not at safepoint (normal execution)

VM Mutex/Monitor currently owned by a thread: None

Heap address: 0x0000000081600000, size: 2026 MB, Compressed Oops mode: 32-bit

CDS archive(s) mapped at: [0x000001baab000000-0x000001baabc60000-0x000001baabc60000), size 12976128, SharedBaseAddress: 0x000001baab000000, ArchiveRelocationMode: 1.
Compressed class space mapped at: 0x000001baac000000-0x000001baec000000, reserved size: 1073741824
Narrow klass base: 0x000001baab000000, Narrow klass shift: 0, Narrow klass range: 0x41000000

GC Precious Log:
 CardTable entry size: 512
 Card Set container configuration: InlinePtr #cards 5 size 8 Array Of Cards #cards 12 size 40 Howl #buckets 4 coarsen threshold 1843 Howl Bitmap #cards 512 size 80 coarsen threshold 460 Card regions per heap region 1 cards per card region 2048
 CPUs: 8 total, 8 available
 Memory: 8103M
 Large Page Support: Disabled
 NUMA Support: Disabled
 Compressed Oops: Enabled (32-bit)
 Heap Region Size: 1M
 Heap Min Capacity: 8M
 Heap Initial Capacity: 128M
 Heap Max Capacity: 2026M
 Pre-touch: Disabled
 Parallel Workers: 8
 Concurrent Workers: 2
 Concurrent Refinement Workers: 8
 Periodic GC: Disabled

Heap:
 garbage-first heap   total reserved 2074624K, committed 131072K, used 20607K [0x0000000081600000, 0x0000000100000000)
  region size 1024K, 20 young (20480K), 3 survivors (3072K)
 Metaspace       used 13670K, committed 14016K, reserved 1114112K
  class space    used 1781K, committed 1920K, reserved 1048576K

Heap Regions: E=young(eden), S=young(survivor), O=old, HS=humongous(starts), HC=humongous(continues), CS=collection set, F=free, TAMS=top-at-mark-start, PB=parsable bottom
|   0|0x0000000081600000, 0x0000000081700000, 0x0000000081700000|100%| O|  |TAMS 0x0000000081600000| PB 0x0000000081600000| Untracked |  0
|   1|0x0000000081700000, 0x0000000081800000, 0x0000000081800000|100%| O|  |TAMS 0x0000000081700000| PB 0x0000000081700000| Untracked |  0
|   2|0x0000000081800000, 0x000000008181ffe0, 0x0000000081900000| 12%| O|  |TAMS 0x0000000081800000| PB 0x0000000081800000| Untracked |  0
|   3|0x0000000081900000, 0x0000000081900000, 0x0000000081a00000|  0%| F|  |TAMS 0x0000000081900000| PB 0x0000000081900000| Untracked |  0
|   4|0x0000000081a00000, 0x0000000081a00000, 0x0000000081b00000|  0%| F|  |TAMS 0x0000000081a00000| PB 0x0000000081a00000| Untracked |  0
|   5|0x0000000081b00000, 0x0000000081b00000, 0x0000000081c00000|  0%| F|  |TAMS 0x0000000081b00000| PB 0x0000000081b00000| Untracked |  0
|   6|0x0000000081c00000, 0x0000000081c00000, 0x0000000081d00000|  0%| F|  |TAMS 0x0000000081c00000| PB 0x0000000081c00000| Untracked |  0
|   7|0x0000000081d00000, 0x0000000081d00000, 0x0000000081e00000|  0%| F|  |TAMS 0x0000000081d00000| PB 0x0000000081d00000| Untracked |  0
|   8|0x0000000081e00000, 0x0000000081e00000, 0x0000000081f00000|  0%| F|  |TAMS 0x0000000081e00000| PB 0x0000000081e00000| Untracked |  0
|   9|0x0000000081f00000, 0x0000000081f00000, 0x0000000082000000|  0%| F|  |TAMS 0x0000000081f00000| PB 0x0000000081f00000| Untracked |  0
|  10|0x0000000082000000, 0x0000000082000000, 0x0000000082100000|  0%| F|  |TAMS 0x0000000082000000| PB 0x0000000082000000| Untracked |  0
|  11|0x0000000082100000, 0x0000000082100000, 0x0000000082200000|  0%| F|  |TAMS 0x0000000082100000| PB 0x0000000082100000| Untracked |  0
|  12|0x0000000082200000, 0x0000000082200000, 0x0000000082300000|  0%| F|  |TAMS 0x0000000082200000| PB 0x0000000082200000| Untracked |  0
|  13|0x0000000082300000, 0x0000000082300000, 0x0000000082400000|  0%| F|  |TAMS 0x0000000082300000| PB 0x0000000082300000| Untracked |  0
|  14|0x0000000082400000, 0x0000000082400000, 0x0000000082500000|  0%| F|  |TAMS 0x0000000082400000| PB 0x0000000082400000| Untracked |  0
|  15|0x0000000082500000, 0x0000000082500000, 0x0000000082600000|  0%| F|  |TAMS 0x0000000082500000| PB 0x0000000082500000| Untracked |  0
|  16|0x0000000082600000, 0x0000000082600000, 0x0000000082700000|  0%| F|  |TAMS 0x0000000082600000| PB 0x0000000082600000| Untracked |  0
|  17|0x0000000082700000, 0x0000000082700000, 0x0000000082800000|  0%| F|  |TAMS 0x0000000082700000| PB 0x0000000082700000| Untracked |  0
|  18|0x0000000082800000, 0x0000000082800000, 0x0000000082900000|  0%| F|  |TAMS 0x0000000082800000| PB 0x0000000082800000| Untracked |  0
|  19|0x0000000082900000, 0x0000000082900000, 0x0000000082a00000|  0%| F|  |TAMS 0x0000000082900000| PB 0x0000000082900000| Untracked |  0
|  20|0x0000000082a00000, 0x0000000082a00000, 0x0000000082b00000|  0%| F|  |TAMS 0x0000000082a00000| PB 0x0000000082a00000| Untracked |  0
|  21|0x0000000082b00000, 0x0000000082b00000, 0x0000000082c00000|  0%| F|  |TAMS 0x0000000082b00000| PB 0x0000000082b00000| Untracked |  0
|  22|0x0000000082c00000, 0x0000000082c00000, 0x0000000082d00000|  0%| F|  |TAMS 0x0000000082c00000| PB 0x0000000082c00000| Untracked |  0
|  23|0x0000000082d00000, 0x0000000082d00000, 0x0000000082e00000|  0%| F|  |TAMS 0x0000000082d00000| PB 0x0000000082d00000| Untracked |  0
|  24|0x0000000082e00000, 0x0000000082e00000, 0x0000000082f00000|  0%| F|  |TAMS 0x0000000082e00000| PB 0x0000000082e00000| Untracked |  0
|  25|0x0000000082f00000, 0x0000000082f00000, 0x0000000083000000|  0%| F|  |TAMS 0x0000000082f00000| PB 0x0000000082f00000| Untracked |  0
|  26|0x0000000083000000, 0x0000000083000000, 0x0000000083100000|  0%| F|  |TAMS 0x0000000083000000| PB 0x0000000083000000| Untracked |  0
|  27|0x0000000083100000, 0x0000000083100000, 0x0000000083200000|  0%| F|  |TAMS 0x0000000083100000| PB 0x0000000083100000| Untracked |  0
|  28|0x0000000083200000, 0x0000000083200000, 0x0000000083300000|  0%| F|  |TAMS 0x0000000083200000| PB 0x0000000083200000| Untracked |  0
|  29|0x0000000083300000, 0x0000000083300000, 0x0000000083400000|  0%| F|  |TAMS 0x0000000083300000| PB 0x0000000083300000| Untracked |  0
|  30|0x0000000083400000, 0x0000000083400000, 0x0000000083500000|  0%| F|  |TAMS 0x0000000083400000| PB 0x0000000083400000| Untracked |  0
|  31|0x0000000083500000, 0x0000000083500000, 0x0000000083600000|  0%| F|  |TAMS 0x0000000083500000| PB 0x0000000083500000| Untracked |  0
|  32|0x0000000083600000, 0x0000000083600000, 0x0000000083700000|  0%| F|  |TAMS 0x0000000083600000| PB 0x0000000083600000| Untracked |  0
|  33|0x0000000083700000, 0x0000000083700000, 0x0000000083800000|  0%| F|  |TAMS 0x0000000083700000| PB 0x0000000083700000| Untracked |  0
|  34|0x0000000083800000, 0x0000000083800000, 0x0000000083900000|  0%| F|  |TAMS 0x0000000083800000| PB 0x0000000083800000| Untracked |  0
|  35|0x0000000083900000, 0x0000000083900000, 0x0000000083a00000|  0%| F|  |TAMS 0x0000000083900000| PB 0x0000000083900000| Untracked |  0
|  36|0x0000000083a00000, 0x0000000083a00000, 0x0000000083b00000|  0%| F|  |TAMS 0x0000000083a00000| PB 0x0000000083a00000| Untracked |  0
|  37|0x0000000083b00000, 0x0000000083b00000, 0x0000000083c00000|  0%| F|  |TAMS 0x0000000083b00000| PB 0x0000000083b00000| Untracked |  0
|  38|0x0000000083c00000, 0x0000000083c00000, 0x0000000083d00000|  0%| F|  |TAMS 0x0000000083c00000| PB 0x0000000083c00000| Untracked |  0
|  39|0x0000000083d00000, 0x0000000083d00000, 0x0000000083e00000|  0%| F|  |TAMS 0x0000000083d00000| PB 0x0000000083d00000| Untracked |  0
|  40|0x0000000083e00000, 0x0000000083e00000, 0x0000000083f00000|  0%| F|  |TAMS 0x0000000083e00000| PB 0x0000000083e00000| Untracked |  0
|  41|0x0000000083f00000, 0x0000000083f00000, 0x0000000084000000|  0%| F|  |TAMS 0x0000000083f00000| PB 0x0000000083f00000| Untracked |  0
|  42|0x0000000084000000, 0x0000000084000000, 0x0000000084100000|  0%| F|  |TAMS 0x0000000084000000| PB 0x0000000084000000| Untracked |  0
|  43|0x0000000084100000, 0x0000000084100000, 0x0000000084200000|  0%| F|  |TAMS 0x0000000084100000| PB 0x0000000084100000| Untracked |  0
|  44|0x0000000084200000, 0x0000000084200000, 0x0000000084300000|  0%| F|  |TAMS 0x0000000084200000| PB 0x0000000084200000| Untracked |  0
|  45|0x0000000084300000, 0x0000000084300000, 0x0000000084400000|  0%| F|  |TAMS 0x0000000084300000| PB 0x0000000084300000| Untracked |  0
|  46|0x0000000084400000, 0x0000000084400000, 0x0000000084500000|  0%| F|  |TAMS 0x0000000084400000| PB 0x0000000084400000| Untracked |  0
|  47|0x0000000084500000, 0x0000000084500000, 0x0000000084600000|  0%| F|  |TAMS 0x0000000084500000| PB 0x0000000084500000| Untracked |  0
|  48|0x0000000084600000, 0x0000000084600000, 0x0000000084700000|  0%| F|  |TAMS 0x0000000084600000| PB 0x0000000084600000| Untracked |  0
|  49|0x0000000084700000, 0x0000000084700000, 0x0000000084800000|  0%| F|  |TAMS 0x0000000084700000| PB 0x0000000084700000| Untracked |  0
|  50|0x0000000084800000, 0x0000000084800000, 0x0000000084900000|  0%| F|  |TAMS 0x0000000084800000| PB 0x0000000084800000| Untracked |  0
|  51|0x0000000084900000, 0x0000000084900000, 0x0000000084a00000|  0%| F|  |TAMS 0x0000000084900000| PB 0x0000000084900000| Untracked |  0
|  52|0x0000000084a00000, 0x0000000084a00000, 0x0000000084b00000|  0%| F|  |TAMS 0x0000000084a00000| PB 0x0000000084a00000| Untracked |  0
|  53|0x0000000084b00000, 0x0000000084b00000, 0x0000000084c00000|  0%| F|  |TAMS 0x0000000084b00000| PB 0x0000000084b00000| Untracked |  0
|  54|0x0000000084c00000, 0x0000000084c00000, 0x0000000084d00000|  0%| F|  |TAMS 0x0000000084c00000| PB 0x0000000084c00000| Untracked |  0
|  55|0x0000000084d00000, 0x0000000084d00000, 0x0000000084e00000|  0%| F|  |TAMS 0x0000000084d00000| PB 0x0000000084d00000| Untracked |  0
|  56|0x0000000084e00000, 0x0000000084e00000, 0x0000000084f00000|  0%| F|  |TAMS 0x0000000084e00000| PB 0x0000000084e00000| Untracked |  0
|  57|0x0000000084f00000, 0x0000000084f00000, 0x0000000085000000|  0%| F|  |TAMS 0x0000000084f00000| PB 0x0000000084f00000| Untracked |  0
|  58|0x0000000085000000, 0x0000000085000000, 0x0000000085100000|  0%| F|  |TAMS 0x0000000085000000| PB 0x0000000085000000| Untracked |  0
|  59|0x0000000085100000, 0x0000000085100000, 0x0000000085200000|  0%| F|  |TAMS 0x0000000085100000| PB 0x0000000085100000| Untracked |  0
|  60|0x0000000085200000, 0x0000000085200000, 0x0000000085300000|  0%| F|  |TAMS 0x0000000085200000| PB 0x0000000085200000| Untracked |  0
|  61|0x0000000085300000, 0x0000000085300000, 0x0000000085400000|  0%| F|  |TAMS 0x0000000085300000| PB 0x0000000085300000| Untracked |  0
|  62|0x0000000085400000, 0x0000000085400000, 0x0000000085500000|  0%| F|  |TAMS 0x0000000085400000| PB 0x0000000085400000| Untracked |  0
|  63|0x0000000085500000, 0x0000000085500000, 0x0000000085600000|  0%| F|  |TAMS 0x0000000085500000| PB 0x0000000085500000| Untracked |  0
|  64|0x0000000085600000, 0x0000000085600000, 0x0000000085700000|  0%| F|  |TAMS 0x0000000085600000| PB 0x0000000085600000| Untracked |  0
|  65|0x0000000085700000, 0x0000000085700000, 0x0000000085800000|  0%| F|  |TAMS 0x0000000085700000| PB 0x0000000085700000| Untracked |  0
|  66|0x0000000085800000, 0x0000000085800000, 0x0000000085900000|  0%| F|  |TAMS 0x0000000085800000| PB 0x0000000085800000| Untracked |  0
|  67|0x0000000085900000, 0x0000000085900000, 0x0000000085a00000|  0%| F|  |TAMS 0x0000000085900000| PB 0x0000000085900000| Untracked |  0
|  68|0x0000000085a00000, 0x0000000085a00000, 0x0000000085b00000|  0%| F|  |TAMS 0x0000000085a00000| PB 0x0000000085a00000| Untracked |  0
|  69|0x0000000085b00000, 0x0000000085b00000, 0x0000000085c00000|  0%| F|  |TAMS 0x0000000085b00000| PB 0x0000000085b00000| Untracked |  0
|  70|0x0000000085c00000, 0x0000000085c00000, 0x0000000085d00000|  0%| F|  |TAMS 0x0000000085c00000| PB 0x0000000085c00000| Untracked |  0
|  71|0x0000000085d00000, 0x0000000085d00000, 0x0000000085e00000|  0%| F|  |TAMS 0x0000000085d00000| PB 0x0000000085d00000| Untracked |  0
|  72|0x0000000085e00000, 0x0000000085e00000, 0x0000000085f00000|  0%| F|  |TAMS 0x0000000085e00000| PB 0x0000000085e00000| Untracked |  0
|  73|0x0000000085f00000, 0x0000000085f00000, 0x0000000086000000|  0%| F|  |TAMS 0x0000000085f00000| PB 0x0000000085f00000| Untracked |  0
|  74|0x0000000086000000, 0x0000000086000000, 0x0000000086100000|  0%| F|  |TAMS 0x0000000086000000| PB 0x0000000086000000| Untracked |  0
|  75|0x0000000086100000, 0x0000000086100000, 0x0000000086200000|  0%| F|  |TAMS 0x0000000086100000| PB 0x0000000086100000| Untracked |  0
|  76|0x0000000086200000, 0x0000000086200000, 0x0000000086300000|  0%| F|  |TAMS 0x0000000086200000| PB 0x0000000086200000| Untracked |  0
|  77|0x0000000086300000, 0x0000000086300000, 0x0000000086400000|  0%| F|  |TAMS 0x0000000086300000| PB 0x0000000086300000| Untracked |  0
|  78|0x0000000086400000, 0x0000000086400000, 0x0000000086500000|  0%| F|  |TAMS 0x0000000086400000| PB 0x0000000086400000| Untracked |  0
|  79|0x0000000086500000, 0x0000000086500000, 0x0000000086600000|  0%| F|  |TAMS 0x0000000086500000| PB 0x0000000086500000| Untracked |  0
|  80|0x0000000086600000, 0x0000000086600000, 0x0000000086700000|  0%| F|  |TAMS 0x0000000086600000| PB 0x0000000086600000| Untracked |  0
|  81|0x0000000086700000, 0x0000000086700000, 0x0000000086800000|  0%| F|  |TAMS 0x0000000086700000| PB 0x0000000086700000| Untracked |  0
|  82|0x0000000086800000, 0x0000000086800000, 0x0000000086900000|  0%| F|  |TAMS 0x0000000086800000| PB 0x0000000086800000| Untracked |  0
|  83|0x0000000086900000, 0x0000000086900000, 0x0000000086a00000|  0%| F|  |TAMS 0x0000000086900000| PB 0x0000000086900000| Untracked |  0
|  84|0x0000000086a00000, 0x0000000086a00000, 0x0000000086b00000|  0%| F|  |TAMS 0x0000000086a00000| PB 0x0000000086a00000| Untracked |  0
|  85|0x0000000086b00000, 0x0000000086b00000, 0x0000000086c00000|  0%| F|  |TAMS 0x0000000086b00000| PB 0x0000000086b00000| Untracked |  0
|  86|0x0000000086c00000, 0x0000000086c00000, 0x0000000086d00000|  0%| F|  |TAMS 0x0000000086c00000| PB 0x0000000086c00000| Untracked |  0
|  87|0x0000000086d00000, 0x0000000086d00000, 0x0000000086e00000|  0%| F|  |TAMS 0x0000000086d00000| PB 0x0000000086d00000| Untracked |  0
|  88|0x0000000086e00000, 0x0000000086e00000, 0x0000000086f00000|  0%| F|  |TAMS 0x0000000086e00000| PB 0x0000000086e00000| Untracked |  0
|  89|0x0000000086f00000, 0x0000000086f00000, 0x0000000087000000|  0%| F|  |TAMS 0x0000000086f00000| PB 0x0000000086f00000| Untracked |  0
|  90|0x0000000087000000, 0x0000000087000000, 0x0000000087100000|  0%| F|  |TAMS 0x0000000087000000| PB 0x0000000087000000| Untracked |  0
|  91|0x0000000087100000, 0x0000000087100000, 0x0000000087200000|  0%| F|  |TAMS 0x0000000087100000| PB 0x0000000087100000| Untracked |  0
|  92|0x0000000087200000, 0x0000000087200000, 0x0000000087300000|  0%| F|  |TAMS 0x0000000087200000| PB 0x0000000087200000| Untracked |  0
|  93|0x0000000087300000, 0x0000000087300000, 0x0000000087400000|  0%| F|  |TAMS 0x0000000087300000| PB 0x0000000087300000| Untracked |  0
|  94|0x0000000087400000, 0x0000000087400000, 0x0000000087500000|  0%| F|  |TAMS 0x0000000087400000| PB 0x0000000087400000| Untracked |  0
|  95|0x0000000087500000, 0x0000000087500000, 0x0000000087600000|  0%| F|  |TAMS 0x0000000087500000| PB 0x0000000087500000| Untracked |  0
|  96|0x0000000087600000, 0x0000000087600000, 0x0000000087700000|  0%| F|  |TAMS 0x0000000087600000| PB 0x0000000087600000| Untracked |  0
|  97|0x0000000087700000, 0x0000000087700000, 0x0000000087800000|  0%| F|  |TAMS 0x0000000087700000| PB 0x0000000087700000| Untracked |  0
|  98|0x0000000087800000, 0x0000000087800000, 0x0000000087900000|  0%| F|  |TAMS 0x0000000087800000| PB 0x0000000087800000| Untracked |  0
|  99|0x0000000087900000, 0x0000000087900000, 0x0000000087a00000|  0%| F|  |TAMS 0x0000000087900000| PB 0x0000000087900000| Untracked |  0
| 100|0x0000000087a00000, 0x0000000087a00000, 0x0000000087b00000|  0%| F|  |TAMS 0x0000000087a00000| PB 0x0000000087a00000| Untracked |  0
| 101|0x0000000087b00000, 0x0000000087c00000, 0x0000000087c00000|100%| S|CS|TAMS 0x0000000087b00000| PB 0x0000000087b00000| Complete |  0
| 102|0x0000000087c00000, 0x0000000087d00000, 0x0000000087d00000|100%| S|CS|TAMS 0x0000000087c00000| PB 0x0000000087c00000| Complete |  0
| 103|0x0000000087d00000, 0x0000000087e00000, 0x0000000087e00000|100%| S|CS|TAMS 0x0000000087d00000| PB 0x0000000087d00000| Complete |  0
| 104|0x0000000087e00000, 0x0000000087e00000, 0x0000000087f00000|  0%| F|  |TAMS 0x0000000087e00000| PB 0x0000000087e00000| Untracked |  0
| 105|0x0000000087f00000, 0x0000000087f00000, 0x0000000088000000|  0%| F|  |TAMS 0x0000000087f00000| PB 0x0000000087f00000| Untracked |  0
| 106|0x0000000088000000, 0x0000000088000000, 0x0000000088100000|  0%| F|  |TAMS 0x0000000088000000| PB 0x0000000088000000| Untracked |  0
| 107|0x0000000088100000, 0x0000000088100000, 0x0000000088200000|  0%| F|  |TAMS 0x0000000088100000| PB 0x0000000088100000| Untracked |  0
| 108|0x0000000088200000, 0x0000000088200000, 0x0000000088300000|  0%| F|  |TAMS 0x0000000088200000| PB 0x0000000088200000| Untracked |  0
| 109|0x0000000088300000, 0x0000000088300000, 0x0000000088400000|  0%| F|  |TAMS 0x0000000088300000| PB 0x0000000088300000| Untracked |  0
| 110|0x0000000088400000, 0x0000000088400000, 0x0000000088500000|  0%| F|  |TAMS 0x0000000088400000| PB 0x0000000088400000| Untracked |  0
| 111|0x0000000088500000, 0x0000000088528f68, 0x0000000088600000| 16%| E|  |TAMS 0x0000000088500000| PB 0x0000000088500000| Complete |  0
| 112|0x0000000088600000, 0x0000000088700000, 0x0000000088700000|100%| E|CS|TAMS 0x0000000088600000| PB 0x0000000088600000| Complete |  0
| 113|0x0000000088700000, 0x0000000088800000, 0x0000000088800000|100%| E|CS|TAMS 0x0000000088700000| PB 0x0000000088700000| Complete |  0
| 114|0x0000000088800000, 0x0000000088900000, 0x0000000088900000|100%| E|CS|TAMS 0x0000000088800000| PB 0x0000000088800000| Complete |  0
| 115|0x0000000088900000, 0x0000000088a00000, 0x0000000088a00000|100%| E|CS|TAMS 0x0000000088900000| PB 0x0000000088900000| Complete |  0
| 116|0x0000000088a00000, 0x0000000088b00000, 0x0000000088b00000|100%| E|CS|TAMS 0x0000000088a00000| PB 0x0000000088a00000| Complete |  0
| 117|0x0000000088b00000, 0x0000000088c00000, 0x0000000088c00000|100%| E|CS|TAMS 0x0000000088b00000| PB 0x0000000088b00000| Complete |  0
| 118|0x0000000088c00000, 0x0000000088d00000, 0x0000000088d00000|100%| E|CS|TAMS 0x0000000088c00000| PB 0x0000000088c00000| Complete |  0
| 119|0x0000000088d00000, 0x0000000088e00000, 0x0000000088e00000|100%| E|CS|TAMS 0x0000000088d00000| PB 0x0000000088d00000| Complete |  0
| 120|0x0000000088e00000, 0x0000000088f00000, 0x0000000088f00000|100%| E|CS|TAMS 0x0000000088e00000| PB 0x0000000088e00000| Complete |  0
| 121|0x0000000088f00000, 0x0000000089000000, 0x0000000089000000|100%| E|CS|TAMS 0x0000000088f00000| PB 0x0000000088f00000| Complete |  0
| 122|0x0000000089000000, 0x0000000089100000, 0x0000000089100000|100%| E|CS|TAMS 0x0000000089000000| PB 0x0000000089000000| Complete |  0
| 123|0x0000000089100000, 0x0000000089200000, 0x0000000089200000|100%| E|CS|TAMS 0x0000000089100000| PB 0x0000000089100000| Complete |  0
| 124|0x0000000089200000, 0x0000000089300000, 0x0000000089300000|100%| E|  |TAMS 0x0000000089200000| PB 0x0000000089200000| Complete |  0
| 125|0x0000000089300000, 0x0000000089400000, 0x0000000089400000|100%| E|CS|TAMS 0x0000000089300000| PB 0x0000000089300000| Complete |  0
| 126|0x0000000089400000, 0x0000000089500000, 0x0000000089500000|100%| E|CS|TAMS 0x0000000089400000| PB 0x0000000089400000| Complete |  0
| 127|0x0000000089500000, 0x0000000089600000, 0x0000000089600000|100%| E|CS|TAMS 0x0000000089500000| PB 0x0000000089500000| Complete |  0

Card table byte_map: [0x000001baa5dd0000,0x000001baa61d0000] _byte_map_base: 0x000001baa59c5000

Marking Bits: (CMBitMap*) 0x000001ba8e3b8b20
 Bits: [0x000001baa61d0000, 0x000001baa8178000)

Polling page: 0x000001ba8db20000

Metaspace:

Usage:
  Non-class:     11.61 MB used.
      Class:      1.74 MB used.
       Both:     13.35 MB used.

Virtual space:
  Non-class space:       64.00 MB reserved,      11.81 MB ( 18%) committed,  1 nodes.
      Class space:        1.00 GB reserved,       1.88 MB ( <1%) committed,  1 nodes.
             Both:        1.06 GB reserved,      13.69 MB (  1%) committed. 

Chunk freelists:
   Non-Class:  3.69 MB
       Class:  13.97 MB
        Both:  17.66 MB

MaxMetaspaceSize: unlimited
CompressedClassSpaceSize: 1.00 GB
Initial GC threshold: 21.00 MB
Current GC threshold: 21.00 MB
CDS: on
 - commit_granule_bytes: 65536.
 - commit_granule_words: 8192.
 - virtual_space_node_default_size: 8388608.
 - enlarge_chunks_in_place: 1.
 - use_allocation_guard: 0.


Internal statistics:

num_allocs_failed_limit: 0.
num_arena_births: 356.
num_arena_deaths: 0.
num_vsnodes_births: 2.
num_vsnodes_deaths: 0.
num_space_committed: 219.
num_space_uncommitted: 0.
num_chunks_returned_to_freelist: 0.
num_chunks_taken_from_freelist: 706.
num_chunk_merges: 0.
num_chunk_splits: 412.
num_chunks_enlarged: 253.
num_inconsistent_stats: 0.

CodeHeap 'non-profiled nmethods': size=120000Kb used=816Kb max_used=816Kb free=119183Kb
 bounds [0x000001ba9e170000, 0x000001ba9e3e0000, 0x000001baa56a0000]
CodeHeap 'profiled nmethods': size=120000Kb used=3809Kb max_used=3809Kb free=116190Kb
 bounds [0x000001ba966a0000, 0x000001ba96a60000, 0x000001ba9dbd0000]
CodeHeap 'non-nmethods': size=5760Kb used=1475Kb max_used=1552Kb free=4285Kb
 bounds [0x000001ba9dbd0000, 0x000001ba9de40000, 0x000001ba9e170000]
 total_blobs=2625 nmethods=2068 adapters=461
 compilation: enabled
              stopped_count=0, restarted_count=0
 full_count=0

Compilation events (20 events):
Event: 6.224 Thread 0x000001baaabfbaf0 2053       3       java.util.concurrent.locks.AbstractQueuedSynchronizer::<init> (5 bytes)
Event: 6.224 Thread 0x000001baaabfbaf0 nmethod 2053 0x000001ba96a46410 code [0x000001ba96a465c0, 0x000001ba96a46788]
Event: 6.225 Thread 0x000001baaabfbaf0 2054       3       java.lang.String::split (242 bytes)
Event: 6.226 Thread 0x000001baaabfbaf0 nmethod 2054 0x000001ba96a46890 code [0x000001ba96a46c80, 0x000001ba96a48db0]
Event: 6.226 Thread 0x000001baaabfbaf0 2055       3       java.util.stream.Collectors$CollectorImpl::<init> (32 bytes)
Event: 6.227 Thread 0x000001baaabfbaf0 nmethod 2055 0x000001ba96a49a90 code [0x000001ba96a49c40, 0x000001ba96a49fd0]
Event: 6.231 Thread 0x000001baaabfbaf0 2056       3       jdk.internal.misc.Unsafe::checkPrimitivePointer (19 bytes)
Event: 6.231 Thread 0x000001baaabfbaf0 nmethod 2056 0x000001ba96a4a090 code [0x000001ba96a4a2a0, 0x000001ba96a4a898]
Event: 6.232 Thread 0x000001baaabfbaf0 2057       3       java.util.concurrent.locks.ReentrantLock::<init> (16 bytes)
Event: 6.232 Thread 0x000001baaabfbaf0 nmethod 2057 0x000001ba96a4ab10 code [0x000001ba96a4ace0, 0x000001ba96a4b0d8]
Event: 6.232 Thread 0x000001baaabfbaf0 2058       3       java.util.concurrent.locks.ReentrantLock$NonfairSync::<init> (5 bytes)
Event: 6.232 Thread 0x000001baaabfbaf0 nmethod 2058 0x000001ba96a4b290 code [0x000001ba96a4b440, 0x000001ba96a4b6c0]
Event: 6.232 Thread 0x000001baaabfbaf0 2059       3       java.util.stream.ReduceOps$Box::<init> (5 bytes)
Event: 6.232 Thread 0x000001baaabfbaf0 nmethod 2059 0x000001ba96a4b810 code [0x000001ba96a4b9a0, 0x000001ba96a4bb08]
Event: 6.232 Thread 0x000001baaabfbaf0 2060       3       java.net.URI$Parser::scan (76 bytes)
Event: 6.233 Thread 0x000001baaabfbaf0 nmethod 2060 0x000001ba96a4bc10 code [0x000001ba96a4be40, 0x000001ba96a4c6b0]
Event: 6.234 Thread 0x000001baaabfbaf0 2061       3       sun.nio.fs.WindowsPathParser::parse (504 bytes)
Event: 6.236 Thread 0x000001baaabfb430 2069       4       java.lang.invoke.VarHandle::checkAccessModeThenIsDirect (29 bytes)
Event: 6.237 Thread 0x000001baaabfbaf0 nmethod 2061 0x000001ba96a4ca90 code [0x000001ba96a4d2e0, 0x000001ba96a51d08]
Event: 6.237 Thread 0x000001baaabfbaf0 2064       3       java.util.ArrayList$Itr::next (66 bytes)

GC Heap History (2 events):
Event: 2.659 GC heap before
{Heap before GC invocations=0 (full 0):
 garbage-first heap   total reserved 2074624K, committed 131072K, used 23552K [0x0000000081600000, 0x0000000100000000)
  region size 1024K, 24 young (24576K), 0 survivors (0K)
 Metaspace       used 7346K, committed 7680K, reserved 1114112K
  class space    used 983K, committed 1152K, reserved 1048576K
}
Event: 2.667 GC heap after
{Heap after GC invocations=1 (full 0):
 garbage-first heap   total reserved 2074624K, committed 131072K, used 5247K [0x0000000081600000, 0x0000000100000000)
  region size 1024K, 3 young (3072K), 3 survivors (3072K)
 Metaspace       used 7346K, committed 7680K, reserved 1114112K
  class space    used 983K, committed 1152K, reserved 1048576K
}

Dll operation events (11 events):
Event: 0.011 Loaded shared library C:\Users\omnia\.jdks\openjdk-22.0.2\bin\java.dll
Event: 0.053 Loaded shared library C:\Users\omnia\.jdks\openjdk-22.0.2\bin\jsvml.dll
Event: 0.152 Loaded shared library C:\Users\omnia\.jdks\openjdk-22.0.2\bin\zip.dll
Event: 0.156 Loaded shared library C:\Users\omnia\.jdks\openjdk-22.0.2\bin\instrument.dll
Event: 0.161 Loaded shared library C:\Users\omnia\.jdks\openjdk-22.0.2\bin\net.dll
Event: 0.162 Loaded shared library C:\Users\omnia\.jdks\openjdk-22.0.2\bin\nio.dll
Event: 0.166 Loaded shared library C:\Users\omnia\.jdks\openjdk-22.0.2\bin\zip.dll
Event: 0.241 Loaded shared library C:\Program Files\JetBrains\IntelliJ IDEA Community Edition 2024.2.1\bin\breakgen64.dll
Event: 0.251 Loaded shared library C:\Users\omnia\.jdks\openjdk-22.0.2\bin\extnet.dll
Event: 0.260 Loaded shared library C:\Users\omnia\.jdks\openjdk-22.0.2\bin\jimage.dll
Event: 2.962 Loaded shared library C:\Users\omnia\.jdks\openjdk-22.0.2\bin\sunmscapi.dll

Deoptimization events (20 events):
Event: 2.979 Thread 0x000001ba8c168850 Uncommon trap: trap_request=0xffffff45 fr.pc=0x000001ba9e1d2934 relative=0x0000000000000294
Event: 2.979 Thread 0x000001ba8c168850 Uncommon trap: reason=unstable_if action=reinterpret pc=0x000001ba9e1d2934 method=java.util.HashMap.putVal(ILjava/lang/Object;Ljava/lang/Object;ZZ)Ljava/lang/Object; @ 162 c2
Event: 2.979 Thread 0x000001ba8c168850 DEOPT PACKING pc=0x000001ba9e1d2934 sp=0x000000b7c75fafe0
Event: 2.980 Thread 0x000001ba8c168850 DEOPT UNPACKING pc=0x000001ba9dc246a2 sp=0x000000b7c75faf18 mode 2
Event: 3.013 Thread 0x000001ba8c168850 Uncommon trap: trap_request=0xffffff45 fr.pc=0x000001ba9e203d6c relative=0x00000000000000ec
Event: 3.013 Thread 0x000001ba8c168850 Uncommon trap: reason=unstable_if action=reinterpret pc=0x000001ba9e203d6c method=java.lang.Integer.stringSize(I)I @ 19 c2
Event: 3.013 Thread 0x000001ba8c168850 DEOPT PACKING pc=0x000001ba9e203d6c sp=0x000000b7c75fd020
Event: 3.013 Thread 0x000001ba8c168850 DEOPT UNPACKING pc=0x000001ba9dc246a2 sp=0x000000b7c75fcf78 mode 2
Event: 3.046 Thread 0x000001ba8c168850 Uncommon trap: trap_request=0xffffffde fr.pc=0x000001ba9e1d1014 relative=0x0000000000000334
Event: 3.046 Thread 0x000001ba8c168850 Uncommon trap: reason=class_check action=maybe_recompile pc=0x000001ba9e1d1014 method=java.util.regex.Pattern$BmpCharPropertyGreedy.match(Ljava/util/regex/Matcher;ILjava/lang/CharSequence;)Z @ 26 c2
Event: 3.046 Thread 0x000001ba8c168850 DEOPT PACKING pc=0x000001ba9e1d1014 sp=0x000000b7c75fcae0
Event: 3.046 Thread 0x000001ba8c168850 DEOPT UNPACKING pc=0x000001ba9dc246a2 sp=0x000000b7c75fca78 mode 2
Event: 6.226 Thread 0x000001ba8c168850 Uncommon trap: trap_request=0xffffff45 fr.pc=0x000001ba9e1e1a98 relative=0x0000000000000e18
Event: 6.226 Thread 0x000001ba8c168850 Uncommon trap: reason=unstable_if action=reinterpret pc=0x000001ba9e1e1a98 method=java.util.concurrent.ConcurrentHashMap.putVal(Ljava/lang/Object;Ljava/lang/Object;Z)Ljava/lang/Object; @ 231 c2
Event: 6.226 Thread 0x000001ba8c168850 DEOPT PACKING pc=0x000001ba9e1e1a98 sp=0x000000b7c75fd740
Event: 6.226 Thread 0x000001ba8c168850 DEOPT UNPACKING pc=0x000001ba9dc246a2 sp=0x000000b7c75fd6a0 mode 2
Event: 6.233 Thread 0x000001ba8c168850 Uncommon trap: trap_request=0xffffff45 fr.pc=0x000001ba9e20393c relative=0x00000000000000bc
Event: 6.233 Thread 0x000001ba8c168850 Uncommon trap: reason=unstable_if action=reinterpret pc=0x000001ba9e20393c method=java.lang.Integer.stringSize(I)I @ 19 c2
Event: 6.233 Thread 0x000001ba8c168850 DEOPT PACKING pc=0x000001ba9e20393c sp=0x000000b7c75fd090
Event: 6.233 Thread 0x000001ba8c168850 DEOPT UNPACKING pc=0x000001ba9dc246a2 sp=0x000000b7c75fd008 mode 2

Classes loaded (20 events):
Event: 6.200 Loading class java/util/stream/ReferencePipeline$5
Event: 6.200 Loading class java/util/stream/LongPipeline$StatelessOp
Event: 6.201 Loading class java/util/stream/LongPipeline
Event: 6.201 Loading class java/util/stream/LongStream
Event: 6.201 Loading class java/util/stream/LongStream done
Event: 6.201 Loading class java/util/stream/LongPipeline done
Event: 6.201 Loading class java/util/stream/LongPipeline$StatelessOp done
Event: 6.201 Loading class java/util/stream/ReferencePipeline$5 done
Event: 6.201 Loading class java/util/stream/FindOps$FindSink$OfLong
Event: 6.202 Loading class java/util/stream/Sink$OfLong
Event: 6.202 Loading class java/util/stream/Sink$OfLong done
Event: 6.202 Loading class java/util/stream/FindOps$FindSink$OfLong done
Event: 6.202 Loading class java/util/OptionalLong
Event: 6.202 Loading class java/util/OptionalLong done
Event: 6.202 Loading class java/util/stream/ReferencePipeline$5$1
Event: 6.202 Loading class java/util/stream/ReferencePipeline$5$1 done
Event: 6.203 Loading class java/lang/invoke/VarHandleBytes$FieldInstanceReadWrite
Event: 6.203 Loading class java/lang/invoke/VarHandleBytes$FieldInstanceReadOnly
Event: 6.204 Loading class java/lang/invoke/VarHandleBytes$FieldInstanceReadOnly done
Event: 6.204 Loading class java/lang/invoke/VarHandleBytes$FieldInstanceReadWrite done

Classes unloaded (0 events):
No events

Classes redefined (0 events):
No events

Internal exceptions (20 events):
Event: 2.694 Thread 0x000001ba8c168850 Exception <a 'java/lang/NoSuchMethodError'{0x0000000089570b60}: 'int java.lang.invoke.DirectMethodHandle$Holder.invokeStaticInit(java.lang.Object, int, int)'> (0x0000000089570b60) 
thrown [s\open\src\hotspot\share\interpreter\linkResolver.cpp, line 774]
Event: 2.695 Thread 0x000001ba8c168850 Exception <a 'java/lang/NoSuchMethodError'{0x00000000895782e8}: 'int java.lang.invoke.DirectMethodHandle$Holder.invokeStaticInit(java.lang.Object, long, long)'> (0x00000000895782e8) 
thrown [s\open\src\hotspot\share\interpreter\linkResolver.cpp, line 774]
Event: 2.696 Thread 0x000001ba8c168850 Exception <a 'java/lang/NoSuchMethodError'{0x0000000089404408}: 'int java.lang.invoke.DirectMethodHandle$Holder.invokeStaticInit(java.lang.Object, float, float)'> (0x0000000089404408) 
thrown [s\open\src\hotspot\share\interpreter\linkResolver.cpp, line 774]
Event: 2.696 Thread 0x000001ba8c168850 Exception <a 'java/lang/NoSuchMethodError'{0x000000008940b128}: 'int java.lang.invoke.DirectMethodHandle$Holder.invokeStaticInit(java.lang.Object, double, double)'> (0x000000008940b128) 
thrown [s\open\src\hotspot\share\interpreter\linkResolver.cpp, line 774]
Event: 2.697 Thread 0x000001ba8c168850 Exception <a 'java/lang/NoSuchMethodError'{0x000000008940f888}: 'int java.lang.invoke.DirectMethodHandle$Holder.invokeStatic(java.lang.Object, long)'> (0x000000008940f888) 
thrown [s\open\src\hotspot\share\interpreter\linkResolver.cpp, line 774]
Event: 2.700 Thread 0x000001ba8c168850 Exception <a 'java/lang/NoSuchMethodError'{0x0000000089424138}: 'int java.lang.invoke.DirectMethodHandle$Holder.invokeSpecial(java.lang.Object, java.lang.Object, java.lang.Object, java.lang.Object)'> (0x0000000089424138) 
thrown [s\open\src\hotspot\share\interpreter\linkResolver.cpp, line 774]
Event: 2.702 Thread 0x000001ba8c168850 Exception <a 'java/lang/NoSuchMethodError'{0x0000000089438d58}: 'java.lang.Object java.lang.invoke.DirectMethodHandle$Holder.invokeSpecial(java.lang.Object, java.lang.Object, int, java.lang.Object, java.lang.Object)'> (0x0000000089438d58) 
thrown [s\open\src\hotspot\share\interpreter\linkResolver.cpp, line 774]
Event: 2.702 Thread 0x000001ba8c168850 Exception <a 'java/lang/NoSuchMethodError'{0x000000008943c988}: 'java.lang.Object java.lang.invoke.DelegatingMethodHandle$Holder.delegate(java.lang.Object, int, java.lang.Object, java.lang.Object)'> (0x000000008943c988) 
thrown [s\open\src\hotspot\share\interpreter\linkResolver.cpp, line 774]
Event: 2.705 Thread 0x000001ba8c168850 Exception <a 'java/lang/NoSuchMethodError'{0x000000008944c0a8}: 'int java.lang.invoke.Invokers$Holder.linkToTargetMethod(java.lang.Object, java.lang.Object, java.lang.Object)'> (0x000000008944c0a8) 
thrown [s\open\src\hotspot\share\interpreter\linkResolver.cpp, line 774]
Event: 2.709 Thread 0x000001ba8c168850 Exception <a 'java/lang/NoSuchMethodError'{0x000000008945b368}: 'long java.lang.invoke.DirectMethodHandle$Holder.invokeSpecial(java.lang.Object, java.lang.Object)'> (0x000000008945b368) 
thrown [s\open\src\hotspot\share\interpreter\linkResolver.cpp, line 774]
Event: 2.762 Thread 0x000001ba8c168850 Exception <a 'sun/nio/fs/WindowsException'{0x000000008932cf70}> (0x000000008932cf70) 
thrown [s\open\src\hotspot\share\prims\jni.cpp, line 520]
Event: 3.044 Thread 0x000001ba8c168850 Exception <a 'java/lang/IncompatibleClassChangeError'{0x0000000088cb2da8}: Found class java.lang.Object, but interface was expected> (0x0000000088cb2da8) 
thrown [s\open\src\hotspot\share\interpreter\linkResolver.cpp, line 841]
Event: 3.045 Thread 0x000001ba8c168850 Exception <a 'java/lang/NoSuchMethodError'{0x0000000088cba708}: 'int java.lang.invoke.DirectMethodHandle$Holder.invokeSpecialIFC(java.lang.Object, java.lang.Object, java.lang.Object, java.lang.Object)'> (0x0000000088cba708) 
thrown [s\open\src\hotspot\share\interpreter\linkResolver.cpp, line 774]
Event: 3.050 Thread 0x000001ba8c168850 Exception <a 'java/lang/NoSuchMethodError'{0x0000000088cdd720}: 'java.lang.Object java.lang.invoke.DirectMethodHandle$Holder.invokeVirtual(java.lang.Object, java.lang.Object, java.lang.Object, java.lang.Object)'> (0x0000000088cdd720) 
thrown [s\open\src\hotspot\share\interpreter\linkResolver.cpp, line 774]
Event: 3.074 Thread 0x000001baf10eac70 Exception <a 'java/net/ConnectException'{0x0000000088b98d28}: Connection refused: getsockopt> (0x0000000088b98d28) 
thrown [s\open\src\hotspot\share\prims\jni.cpp, line 539]
Event: 3.087 Thread 0x000001baf10eac70 Exception <a 'java/net/ConnectException'{0x0000000088b99e20}: Connection refused: getsockopt> (0x0000000088b99e20) 
thrown [s\open\src\hotspot\share\prims\jni.cpp, line 539]
Event: 3.152 Thread 0x000001ba8c168850 Exception <a 'java/lang/NoSuchMethodError'{0x0000000088a16838}: 'java.lang.Object java.lang.invoke.DirectMethodHandle$Holder.newInvokeSpecial(java.lang.Object, java.lang.Object, int, int)'> (0x0000000088a16838) 
thrown [s\open\src\hotspot\share\interpreter\linkResolver.cpp, line 774]
Event: 3.153 Thread 0x000001ba8c168850 Exception <a 'java/lang/NoSuchMethodError'{0x0000000088a20f78}: 'void java.lang.invoke.DirectMethodHandle$Holder.invokeStatic(java.lang.Object, java.lang.Object, int)'> (0x0000000088a20f78) 
thrown [s\open\src\hotspot\share\interpreter\linkResolver.cpp, line 774]
Event: 3.187 Thread 0x000001ba8c168850 Exception <a 'java/lang/NoSuchMethodError'{0x0000000088ae63e0}: 'void java.lang.invoke.DirectMethodHandle$Holder.invokeStatic(java.lang.Object, java.lang.Object, java.lang.Object, java.lang.Object, java.lang.Object, java.lang.Object, java.lang.Object)'> (0x0000000088ae63e0) 
thrown [s\open\src\hotspot\share\interpreter\linkResolver.cpp, line 774]
Event: 6.213 Thread 0x000001ba8c168850 Exception <a 'java/lang/NoSuchMethodError'{0x0000000088965990}: 'java.lang.Object java.lang.invoke.DirectMethodHandle$Holder.invokeSpecialIFC(java.lang.Object, java.lang.Object, java.lang.Object)'> (0x0000000088965990) 
thrown [s\open\src\hotspot\share\interpreter\linkResolver.cpp, line 774]

ZGC Phase Switch (0 events):
No events

VM Operations (20 events):
Event: 2.659 Executing VM operation: G1CollectForAllocation (G1 Evacuation Pause)
Event: 2.667 Executing VM operation: G1CollectForAllocation (G1 Evacuation Pause) done
Event: 2.685 Executing VM operation: HandshakeAllThreads (Deoptimize)
Event: 2.685 Executing VM operation: HandshakeAllThreads (Deoptimize) done
Event: 2.715 Executing VM operation: HandshakeAllThreads (Deoptimize)
Event: 2.715 Executing VM operation: HandshakeAllThreads (Deoptimize) done
Event: 2.834 Executing VM operation: HandshakeAllThreads (Deoptimize)
Event: 2.834 Executing VM operation: HandshakeAllThreads (Deoptimize) done
Event: 3.059 Executing VM operation: HandshakeAllThreads (Deoptimize)
Event: 3.059 Executing VM operation: HandshakeAllThreads (Deoptimize) done
Event: 3.125 Executing VM operation: HandshakeAllThreads (Deoptimize)
Event: 3.125 Executing VM operation: HandshakeAllThreads (Deoptimize) done
Event: 4.133 Executing VM operation: Cleanup
Event: 4.133 Executing VM operation: Cleanup done
Event: 6.197 Executing VM operation: HandshakeAllThreads (Deoptimize)
Event: 6.197 Executing VM operation: HandshakeAllThreads (Deoptimize) done
Event: 6.198 Executing VM operation: HandshakeAllThreads (Deoptimize)
Event: 6.198 Executing VM operation: HandshakeAllThreads (Deoptimize) done
Event: 6.198 Executing VM operation: Cleanup
Event: 6.198 Executing VM operation: Cleanup done

Memory protections (0 events):
No events

Nmethod flushes (0 events):
No events

Events (20 events):
Event: 2.563 Thread 0x000001baf015f120 Thread exited: 0x000001baf015f120
Event: 2.567 Thread 0x000001baaabe1fb0 Thread exited: 0x000001baaabe1fb0
Event: 2.631 Thread 0x000001ba8c168850 Thread added: 0x000001baaabe4da0
Event: 2.730 Thread 0x000001baaabfbaf0 Thread added: 0x000001baf0bfe270
Event: 3.019 Thread 0x000001ba8c168850 Thread added: 0x000001baaabe1fb0
Event: 3.037 Thread 0x000001baf0bfe270 Thread exited: 0x000001baf0bfe270
Event: 3.056 Thread 0x000001ba8c168850 Thread added: 0x000001baf10ecd40
Event: 3.059 Thread 0x000001ba8c168850 Thread added: 0x000001baf10ed3d0
Event: 3.060 Thread 0x000001ba8c168850 Thread added: 0x000001baf10e9f50
Event: 3.062 Thread 0x000001baf10ed3d0 Thread added: 0x000001baf10eac70
Event: 3.124 Thread 0x000001baf10eac70 Thread added: 0x000001baf10eee10
Event: 3.202 Thread 0x000001baaabfbaf0 Thread added: 0x000001baf11384c0
Event: 3.208 Thread 0x000001ba8c168850 Thread added: 0x000001baf10e98c0
Event: 3.266 Thread 0x000001baaabe1fb0 Thread added: 0x000001baf10ee0f0
Event: 3.267 Thread 0x000001baaabe1fb0 Thread added: 0x000001baf10eda60
Event: 6.196 Thread 0x000001baf11384c0 Thread exited: 0x000001baf11384c0
Event: 6.234 Thread 0x000001ba8c168850 Thread added: 0x000001baf10e9230
Event: 6.235 Thread 0x000001ba8c168850 Thread added: 0x000001baf10ec020
Event: 6.236 Thread 0x000001baf10e9230 Thread added: 0x000001baf10ec6b0
Event: 6.236 Thread 0x000001baf10e9230 Thread added: 0x000001baf10e7e80


Dynamic libraries:
0x00007ff6d7bc0000 - 0x00007ff6d7bce000 	C:\Users\omnia\.jdks\openjdk-22.0.2\bin\java.exe
0x00007ffe04af0000 - 0x00007ffe04ce8000 	C:\WINDOWS\SYSTEM32\ntdll.dll
0x00007ffe03430000 - 0x00007ffe034f2000 	C:\WINDOWS\System32\KERNEL32.DLL
0x00007ffe02190000 - 0x00007ffe0248e000 	C:\WINDOWS\System32\KERNELBASE.dll
0x00007ffe02900000 - 0x00007ffe02a00000 	C:\WINDOWS\System32\ucrtbase.dll
0x00007ffdfe310000 - 0x00007ffdfe327000 	C:\Users\omnia\.jdks\openjdk-22.0.2\bin\jli.dll
0x00007ffe048b0000 - 0x00007ffe04a4d000 	C:\WINDOWS\System32\USER32.dll
0x00007ffe02700000 - 0x00007ffe02722000 	C:\WINDOWS\System32\win32u.dll
0x00007ffdfe930000 - 0x00007ffdfe94b000 	C:\Users\omnia\.jdks\openjdk-22.0.2\bin\VCRUNTIME140.dll
0x00007ffe033f0000 - 0x00007ffe0341b000 	C:\WINDOWS\System32\GDI32.dll
0x00007ffe02730000 - 0x00007ffe02847000 	C:\WINDOWS\System32\gdi32full.dll
0x00007ffdf22a0000 - 0x00007ffdf253a000 	C:\WINDOWS\WinSxS\amd64_microsoft.windows.common-controls_6595b64144ccf1df_6.0.19041.4355_none_60b8b9eb71f62e16\COMCTL32.dll
0x00007ffe02660000 - 0x00007ffe026fd000 	C:\WINDOWS\System32\msvcp_win.dll
0x00007ffe02b10000 - 0x00007ffe02bae000 	C:\WINDOWS\System32\msvcrt.dll
0x00007ffe02e20000 - 0x00007ffe02e4f000 	C:\WINDOWS\System32\IMM32.DLL
0x00007ffdfe340000 - 0x00007ffdfe34c000 	C:\Users\omnia\.jdks\openjdk-22.0.2\bin\vcruntime140_1.dll
0x00007ffde7e90000 - 0x00007ffde7f1e000 	C:\Users\omnia\.jdks\openjdk-22.0.2\bin\msvcp140.dll
0x00007ffd97330000 - 0x00007ffd98079000 	C:\Users\omnia\.jdks\openjdk-22.0.2\bin\server\jvm.dll
0x00007ffe02d60000 - 0x00007ffe02e12000 	C:\WINDOWS\System32\ADVAPI32.dll
0x00007ffe03510000 - 0x00007ffe035b0000 	C:\WINDOWS\System32\sechost.dll
0x00007ffe02e50000 - 0x00007ffe02f73000 	C:\WINDOWS\System32\RPCRT4.dll
0x00007ffe02a90000 - 0x00007ffe02ab7000 	C:\WINDOWS\System32\bcrypt.dll
0x00007ffe038a0000 - 0x00007ffe0390b000 	C:\WINDOWS\System32\WS2_32.dll
0x00007ffe016d0000 - 0x00007ffe0171b000 	C:\WINDOWS\SYSTEM32\POWRPROF.dll
0x00007ffdf1a30000 - 0x00007ffdf1a57000 	C:\WINDOWS\SYSTEM32\WINMM.dll
0x00007ffdfaed0000 - 0x00007ffdfaeda000 	C:\WINDOWS\SYSTEM32\VERSION.dll
0x00007ffe01590000 - 0x00007ffe015a2000 	C:\WINDOWS\SYSTEM32\UMPDC.dll
0x00007ffe00010000 - 0x00007ffe00022000 	C:\WINDOWS\SYSTEM32\kernel.appcore.dll
0x00007ffdfe300000 - 0x00007ffdfe30a000 	C:\Users\omnia\.jdks\openjdk-22.0.2\bin\jimage.dll
0x00007ffdf0190000 - 0x00007ffdf0374000 	C:\WINDOWS\SYSTEM32\DBGHELP.DLL
0x00007ffddeb50000 - 0x00007ffddeb84000 	C:\WINDOWS\SYSTEM32\dbgcore.DLL
0x00007ffe02a00000 - 0x00007ffe02a82000 	C:\WINDOWS\System32\bcryptPrimitives.dll
0x00007ffdff7d0000 - 0x00007ffdff7df000 	C:\Users\omnia\.jdks\openjdk-22.0.2\bin\instrument.dll
0x00007ffdfbbe0000 - 0x00007ffdfbbfe000 	C:\Users\omnia\.jdks\openjdk-22.0.2\bin\java.dll
0x00007ffe03b40000 - 0x00007ffe042af000 	C:\WINDOWS\System32\SHELL32.dll
0x00007ffe02c30000 - 0x00007ffe02d5b000 	C:\WINDOWS\System32\ole32.dll
0x00007ffe04390000 - 0x00007ffe046e3000 	C:\WINDOWS\System32\combase.dll
0x00007ffe00210000 - 0x00007ffe009b4000 	C:\WINDOWS\SYSTEM32\windows.storage.dll
0x00007ffe01bc0000 - 0x00007ffe01bee000 	C:\WINDOWS\SYSTEM32\Wldp.dll
0x00007ffe047e0000 - 0x00007ffe048ad000 	C:\WINDOWS\System32\OLEAUT32.dll
0x00007ffe03630000 - 0x00007ffe036dd000 	C:\WINDOWS\System32\SHCORE.dll
0x00007ffe03910000 - 0x00007ffe03965000 	C:\WINDOWS\System32\shlwapi.dll
0x00007ffe020c0000 - 0x00007ffe020e4000 	C:\WINDOWS\SYSTEM32\profapi.dll
0x00007ffde70c0000 - 0x00007ffde7197000 	C:\Users\omnia\.jdks\openjdk-22.0.2\bin\jsvml.dll
0x00007ffdfb610000 - 0x00007ffdfb627000 	C:\Users\omnia\.jdks\openjdk-22.0.2\bin\zip.dll
0x00007ffdfbbc0000 - 0x00007ffdfbbd0000 	C:\Users\omnia\.jdks\openjdk-22.0.2\bin\net.dll
0x00007ffe01920000 - 0x00007ffe0198a000 	C:\WINDOWS\system32\mswsock.dll
0x00007ffdfbad0000 - 0x00007ffdfbae6000 	C:\Users\omnia\.jdks\openjdk-22.0.2\bin\nio.dll
0x00007ffdfe400000 - 0x00007ffdfe41a000 	C:\Program Files\JetBrains\IntelliJ IDEA Community Edition 2024.2.1\bin\breakgen64.dll
0x00007ffdfbbb0000 - 0x00007ffdfbbb9000 	C:\Users\omnia\.jdks\openjdk-22.0.2\bin\extnet.dll
0x00007ffe01b20000 - 0x00007ffe01b38000 	C:\WINDOWS\SYSTEM32\CRYPTSP.dll
0x00007ffe011d0000 - 0x00007ffe01204000 	C:\WINDOWS\system32\rsaenh.dll
0x00007ffe02040000 - 0x00007ffe0206e000 	C:\WINDOWS\SYSTEM32\USERENV.dll
0x00007ffe01b10000 - 0x00007ffe01b1c000 	C:\WINDOWS\SYSTEM32\CRYPTBASE.dll
0x00007ffe015b0000 - 0x00007ffe015eb000 	C:\WINDOWS\SYSTEM32\IPHLPAPI.DLL
0x00007ffe03500000 - 0x00007ffe03508000 	C:\WINDOWS\System32\NSI.dll
0x00007ffe01600000 - 0x00007ffe016ca000 	C:\WINDOWS\SYSTEM32\DNSAPI.dll
0x00007ffdf5690000 - 0x00007ffdf569a000 	C:\Windows\System32\rasadhlp.dll
0x00007ffdf56b0000 - 0x00007ffdf5730000 	C:\WINDOWS\System32\fwpuclnt.dll
0x00007ffdf37c0000 - 0x00007ffdf37ce000 	C:\Users\omnia\.jdks\openjdk-22.0.2\bin\sunmscapi.dll
0x00007ffe02490000 - 0x00007ffe025ec000 	C:\WINDOWS\System32\CRYPT32.dll
0x00007ffe01c30000 - 0x00007ffe01c57000 	C:\WINDOWS\SYSTEM32\ncrypt.dll
0x00007ffe01bf0000 - 0x00007ffe01c2b000 	C:\WINDOWS\SYSTEM32\NTASN1.dll
0x00007ffdfba40000 - 0x00007ffdfba47000 	C:\WINDOWS\system32\wshunix.dll

dbghelp: loaded successfully - version: 4.0.5 - missing functions: none
symbol engine: initialized successfully - sym options: 0x614 - pdb path: .;C:\Users\omnia\.jdks\openjdk-22.0.2\bin;C:\WINDOWS\SYSTEM32;C:\WINDOWS\WinSxS\amd64_microsoft.windows.common-controls_6595b64144ccf1df_6.0.19041.4355_none_60b8b9eb71f62e16;C:\Users\omnia\.jdks\openjdk-22.0.2\bin\server;C:\Program Files\JetBrains\IntelliJ IDEA Community Edition 2024.2.1\bin

VM Arguments:
jvm_args: -Dorg.jetbrains.run.directory=C:\Users\omnia\IdeaProjects\Cucumber_LUMA_2\src\main\resources\Features -javaagent:C:\Program Files\JetBrains\IntelliJ IDEA Community Edition 2024.2.1\lib\idea_rt.jar=62722:C:\Program Files\JetBrains\IntelliJ IDEA Community Edition 2024.2.1\bin -Dfile.encoding=UTF-8 -Dsun.stdout.encoding=UTF-8 -Dsun.stderr.encoding=UTF-8 
java_command: io.cucumber.core.cli.Main --plugin org.jetbrains.plugins.cucumber.java.run.CucumberJvm5SMFormatter --glue StepDefinitions C:/Users/omnia/IdeaProjects/Cucumber_LUMA_2/src/main/resources/Features/F03_LandingPage.feature
java_class_path (initial): C:\Users\omnia\IdeaProjects\Cucumber_LUMA_2\target\test-classes;C:\Users\omnia\IdeaProjects\Cucumber_LUMA_2\target\classes;C:\Users\omnia\.m2\repository\org\seleniumhq\selenium\selenium-java\4.24.0\selenium-java-4.24.0.jar;C:\Users\omnia\.m2\repository\org\seleniumhq\selenium\selenium-api\4.24.0\selenium-api-4.24.0.jar;C:\Users\omnia\.m2\repository\org\jspecify\jspecify\1.0.0\jspecify-1.0.0.jar;C:\Users\omnia\.m2\repository\org\seleniumhq\selenium\selenium-chrome-driver\4.24.0\selenium-chrome-driver-4.24.0.jar;C:\Users\omnia\.m2\repository\com\google\auto\service\auto-service-annotations\1.1.1\auto-service-annotations-1.1.1.jar;C:\Users\omnia\.m2\repository\org\seleniumhq\selenium\selenium-chromium-driver\4.24.0\selenium-chromium-driver-4.24.0.jar;C:\Users\omnia\.m2\repository\org\seleniumhq\selenium\selenium-json\4.24.0\selenium-json-4.24.0.jar;C:\Users\omnia\.m2\repository\org\seleniumhq\selenium\selenium-manager\4.24.0\selenium-manager-4.24.0.jar;C:\Users\omnia\.m2\repository\org\seleniumhq\selenium\selenium-devtools-v126\4.24.0\selenium-devtools-v126-4.24.0.jar;C:\Users\omnia\.m2\repository\org\seleniumhq\selenium\selenium-devtools-v127\4.24.0\selenium-devtools-v127-4.24.0.jar;C:\Users\omnia\.m2\repository\org\seleniumhq\selenium\selenium-devtools-v128\4.24.0\selenium-devtools-v128-4.24.0.jar;C:\Users\omnia\.m2\repository\org\seleniumhq\selenium\selenium-devtools-v85\4.24.0\selenium-devtools-v85-4.24.0.jar;C:\Users\omnia\.m2\repository\org\seleniumhq\selenium\selenium-edge-driver\4.24.0\selenium-edge-driver-4.24.0.jar;C:\Users\omnia\.m2\repository\org\seleniumhq\selenium\selenium-firefox-driver\4.24.0\selenium-firefox-driver-4.24.0.jar;C:\Users\omnia\.m2\repository\org\seleniumhq\selenium\selenium-http\4.24.0\selenium-http-4.24.0.jar;C:\Users\omnia\.m2\repository\dev\failsafe\failsafe\3.3.2\failsafe-3.3.2.jar;C:\Users\omnia\.m2\repository\org\seleniumhq\selenium\selenium-ie-driver\4.24.0\selenium-ie-driver-4.24.0.jar;C:\Users\omnia\.m2\repository\org\seleniumhq\selenium\selenium-remote-driver\4.24.0\selenium-remote-driver-4.24.0.jar;C:\Users\omnia\.m2\repository\com\google\guava\guava\33.3.0-jre\guava-33.3.0-jre.jar;C:\Users\omnia\.m2\repository\com\google\guava\failureaccess\1.0.2\failureaccess-1.0.2.jar;C:\Users\omnia\.m2\repository\com\google\guava\listenablefuture\9999.0-empty-to-avoid-conflict-with-guava\listenablefuture-9999.0-empty-to-avoid-conflict-with-guava.jar;C:\Users\omnia\.m2\repository\org\checkerframework\checker-qual\3.43.0\checker-qual-3.43.0.jar;C:\Users\omnia\.m2\repository\com\google\errorprone\error_prone_annotations\2.28.0\error_prone_annotations-2.28.0.jar;C:\Users\omnia\.m2\repository\com\google\j2objc\j2objc-annotations\3.0.0\j2objc-annotations-3.0.0.jar;C:\Users\omnia\.m2\repository\io\opentelemetry\semconv\opentelemetry-semconv\1.25.0-alpha\opentelemetry-semconv-1.25.0-alpha.jar;C:\Users\omnia\.m2\repository\io\opentelemetry\opentelemetry-api\1.41.0\opentelemetry-api-1.41.0.jar;C:\Users\omnia\.m2\repository\io\opentelemetry\opentelemetry-context\1.41.0\opentelemetry-context-1.41.0.jar;C:\Users\omnia\.m2\repository\io\opentelemetry\opentelemetry-exporter-logging\1.41.0\opentelemetry-exporter-logging-1.41.0.jar;C:\Users\omnia\.m2\repository\io\opentelemetry\opentelemetry-sdk-common\1.41.0\opentelemetry-sdk-common-1.41.0.jar;C:\Users\omnia\.m2\repository\io\opentelemetry\opentelemetry-sdk-extension-autoconfigure-spi\1.41.0\opentelemetry-sdk-extension-autoconfigure-spi-1.41.0.jar;C:\Users\omnia\.m2\repository\io\opentelemetry\opentelemetry-sdk-extension-autoconfigure\1.41.0\opentelemetry-sdk-extension-autoconfigure-1.41.0.jar;C:\Users\omnia\.m2\repository\io\opentelemetry\opentelemetry-api-incubator\1.41.0-alpha\opentelemetry-api-incubator-1.41.0-alpha.jar;C:\Users\omnia\.m2\repository\io\opentelemetry\opentelemetry-sdk-trace\1.41.0\opentelemetry-sdk-trace-1.41.0.jar;C:\Users\omnia\.m2\repository\io\opentelemetry\opentelemetry-sdk\1.41.0\opentelemetry-sdk-1.41.0.jar;C:\Users\omnia\.m2\repository\io\opentelemetry\opentelemetry-sdk-metrics\1.41.0\opentelemetry-sdk-metrics-1.41.0.jar;C:\Users\omnia\.m2\repository\io\opentelemetry\opentelemetry-sdk-logs\1.41.0\opentelemetry-sdk-logs-1.41.0.jar;C:\Users\omnia\.m2\repository\net\bytebuddy\byte-buddy\1.15.0\byte-buddy-1.15.0.jar;C:\Users\omnia\.m2\repository\org\seleniumhq\selenium\selenium-os\4.24.0\selenium-os-4.24.0.jar;C:\Users\omnia\.m2\repository\org\apache\commons\commons-exec\1.4.0\commons-exec-1.4.0.jar;C:\Users\omnia\.m2\repository\org\seleniumhq\selenium\selenium-safari-driver\4.24.0\selenium-safari-driver-4.24.0.jar;C:\Users\omnia\.m2\repository\org\seleniumhq\selenium\selenium-support\4.24.0\selenium-support-4.24.0.jar;C:\Users\omnia\.m2\repository\org\testng\testng\7.5\testng-7.5.jar;C:\Users\omnia\.m2\repository\com\google\code\findbugs\jsr305\3.0.1\jsr305-3.0.1.jar;C:\Users\omnia\.m2\repository\org\slf4j\slf4j-api\1.7.32\slf4j-api-1.7.32.jar;C:\Users\omnia\.m2\repository\com\beust\jcommander\1.78\jcommander-1.78.jar;C:\Users\omnia\.m2\repository\org\webjars\jquery\3.5.1\jquery-3.5.1.jar;C:\Users\omnia\.m2\repository\io\qameta\allure\allure-junit4\2.29.0\allure-junit4-2.29.0.jar;C:\Users\omnia\.m2\repository\io\qameta\allure\allure-java-commons\2.29.0\allure-java-commons-2.29.0.jar;C:\Users\omnia\.m2\repository\io\qameta\allure\allure-model\2.29.0\allure-model-2.29.0.jar;C:\Users\omnia\.m2\repository\io\qameta\allure\allure-test-filter\2.29.0\allure-test-filter-2.29.0.jar;C:\Users\omnia\.m2\repository\io\cucumber\cucumber-java\7.19.0\cucumber-java-7.19.0.jar;C:\Users\omnia\.m2\repository\io\cucumber\cucumber-core\7.19.0\cucumber-core-7.19.0.jar;C:\Users\omnia\.m2\repository\io\cucumber\cucumber-gherkin\7.19.0\cucumber-gherkin-7.19.0.jar;C:\Users\omnia\.m2\repository\io\cucumber\cucumber-gherkin-messages\7.19.0\cucumber-gherkin-messages-7.19.0.jar;C:\Users\omnia\.m2\repository\io\cucumber\gherkin\28.0.0\gherkin-28.0.0.jar;C:\Users\omnia\.m2\repository\io\cucumber\messages\24.1.0\messages-24.1.0.jar;C:\Users\omnia\.m2\repository\io\cucumber\testng-xml-formatter\0.2.0\testng-xml-formatter-0.2.0.jar;C:\Users\omnia\.m2\repository\io\cucumber\query\12.2.0\query-12.2.0.jar;C:\Users\omnia\.m2\repository\io\cucumber\tag-expressions\6.1.0\tag-expressions-6.1.0.jar;C:\Users\omnia\.m2\repository\io\cucumber\cucumber-expressions\17.1.0\cucumber-expressions-17.1.0.jar;C:\Users\omnia\.m2\repository\io\cucumber\datatable\7.19.0\datatable-7.19.0.jar;C:\Users\omnia\.m2\repository\io\cucumber\cucumber-plugin\7.19.0\cucumber-plugin-7.19.0.jar;C:\Users\omnia\.m2\repository\io\cucumber\docstring\7.19.0\docstring-7.19.0.jar;C:\Users\omnia\.m2\repository\io\cucumber\html-formatter\21.7.0\html-formatter-21.7.0.jar;C:\Users\omnia\.m2\repository\io\cucumber\junit-xml-formatter\0.5.0\junit-xml-formatter-0.5.0.jar;C:\Users\omnia\.m2\repository\io\cucumber\ci-environment\10.0.1\ci-environment-10.0.1.jar;C:\Users\omnia\.m2\repository\org\apiguardian\apiguardian-api\1.1.2\apiguardian-api-1.1.2.jar;C:\Users\omnia\.m2\repository\io\cucumber\cucumber-testng\7.19.0\cucumber-testng-7.19.0.jar;C:\Program Files\JetBrains\IntelliJ IDEA Community Edition 2024.2.1\plugins\junit\lib\junit-rt.jar;C:\Users\omnia\AppData\Roaming\JetBrains\IdeaIC2024.2\plugins\cucumber-java\lib\cucumber-jvmFormatter.jar;C:\Users\omnia\AppData\Roaming\JetBrains\IdeaIC2024.2\plugins\cucumber-java\lib\cucumber-jvmFormatter5.jar;C:\Users\omnia\AppData\Roaming\JetBrains\IdeaIC2024.2\plugins\cucumber-java\lib\cucumber-jvmFormatter4.jar;C:\Users\omnia\AppData\Roaming\JetBrains\IdeaIC2024.2\plugins\cucumber-java\lib\cucumber-jvmFormatter3.jar
Launcher Type: SUN_STANDARD

[Global flags]
     intx CICompilerCount                          = 4                                         {product} {ergonomic}
     uint ConcGCThreads                            = 2                                         {product} {ergonomic}
     uint G1ConcRefinementThreads                  = 8                                         {product} {ergonomic}
   size_t G1HeapRegionSize                         = 1048576                                   {product} {ergonomic}
   size_t InitialHeapSize                          = 134217728                                 {product} {ergonomic}
   size_t MarkStackSize                            = 4194304                                   {product} {ergonomic}
   size_t MaxHeapSize                              = 2124414976                                {product} {ergonomic}
   size_t MaxNewSize                               = 1274019840                                {product} {ergonomic}
   size_t MinHeapDeltaBytes                        = 1048576                                   {product} {ergonomic}
   size_t MinHeapSize                              = 8388608                                   {product} {ergonomic}
    uintx NonNMethodCodeHeapSize                   = 5839372                                {pd product} {ergonomic}
    uintx NonProfiledCodeHeapSize                  = 122909434                              {pd product} {ergonomic}
    uintx ProfiledCodeHeapSize                     = 122909434                              {pd product} {ergonomic}
    uintx ReservedCodeCacheSize                    = 251658240                              {pd product} {ergonomic}
     bool SegmentedCodeCache                       = true                                      {product} {ergonomic}
   size_t SoftMaxHeapSize                          = 2124414976                             {manageable} {ergonomic}
     bool UseCompressedOops                        = true                           {product lp64_product} {ergonomic}
     bool UseG1GC                                  = true                                      {product} {ergonomic}
     bool UseLargePagesIndividualAllocation        = false                                  {pd product} {ergonomic}

Logging:
Log output configuration:
 #0: stdout all=warning uptime,level,tags foldmultilines=false
 #1: stderr all=off uptime,level,tags foldmultilines=false

Environment Variables:
PATH=C:\Program Files\Common Files\Oracle\Java\javapath;C:\Python312\Scripts\;C:\Python312\;C:\WINDOWS\system32;C:\WINDOWS;C:\WINDOWS\System32\Wbem;C:\WINDOWS\System32\WindowsPowerShell\v1.0\;C:\WINDOWS\System32\OpenSSH\;C:\ProgramData\chocolatey\bin;C:\Users\omnia\.jdks\openjdk-22.0.2\bin;C:\Program Files\nodejs\;C:\Users\omnia\AppData\Local\Microsoft\WindowsApps;C:\path _programs;;C:\Program Files\JetBrains\IntelliJ IDEA Community Edition 2024.2.1\bin;;C:\Users\omnia\AppData\Roaming\npm
USERNAME=omnia
OS=Windows_NT
PROCESSOR_IDENTIFIER=Intel64 Family 6 Model 158 Stepping 13, GenuineIntel
TMP=C:\Users\omnia\AppData\Local\Temp
TEMP=C:\Users\omnia\AppData\Local\Temp




Periodic native trim disabled

---------------  S Y S T E M  ---------------

OS:
 Windows 10 , 64 bit Build 19041 (10.0.19041.4957)
OS uptime: 0 days 10:11 hours

CPU: total 8 (initial active 8) (4 cores per cpu, 2 threads per core) family 6 model 158 stepping 13 microcode 0xec, cx8, cmov, fxsr, ht, mmx, 3dnowpref, sse, sse2, sse3, ssse3, sse4.1, sse4.2, popcnt, lzcnt, tsc, tscinvbit, avx, avx2, aes, erms, clmul, bmi1, bmi2, adx, fma, vzeroupper, clflush, clflushopt, rdtscp, f16c
Processor Information for all 8 processors :
  Max Mhz: 2400, Current Mhz: 2400, Mhz Limit: 2400

Memory: 4k page, system-wide physical 8103M (528M free)
TotalPageFile size 19501M (AvailPageFile size 7M)
current process WorkingSet (physical memory assigned to process): 96M, peak: 138M
current process commit charge ("private bytes"): 237M, peak: 280M

vm_info: OpenJDK 64-Bit Server VM (22.0.2+9-70) for windows-amd64 JRE (22.0.2+9-70), built on 2024-06-04T16:52:23Z by "mach5one" with MS VC++ 17.6 (VS2022)

END.
